0 info it worked if it ends with ok
1 verbose cli [ 'C:\\Program Files\\nodejs\\node.exe',
1 verbose cli   'C:\\Users\\KAREEM\\AppData\\Roaming\\npm\\node_modules\\npm\\bin\\npm-cli.js',
1 verbose cli   'run',
1 verbose cli   'deploy' ]
2 info using npm@3.10.10
3 info using node@v10.13.0
4 verbose run-script [ 'predeploy', 'deploy', 'postdeploy' ]
5 info lifecycle portfolio@1.0.0~predeploy: portfolio@1.0.0
6 silly lifecycle portfolio@1.0.0~predeploy: no script for predeploy, continuing
7 info lifecycle portfolio@1.0.0~deploy: portfolio@1.0.0
8 verbose lifecycle portfolio@1.0.0~deploy: unsafe-perm in lifecycle true
9 verbose lifecycle portfolio@1.0.0~deploy: PATH: C:\Users\KAREEM\AppData\Roaming\npm\node_modules\npm\bin\node-gyp-bin;C:\Users\KAREEM\Desktop\portfolio\node_modules\.bin;C:\Program Files\Git\mingw64\bin;C:\Program Files\Git\usr\bin;C:\Users\KAREEM\bin;C:\ProgramData\Oracle\Java\javapath;C:\Program Files (x86)\Common Files\Oracle\Java\javapath;C:\Python34;C:\Python34\Scripts;C:\Program Files\Java\jdk1.8.0_66\bin;C:\Program Files (x86)\Intel\iCLS Client;C:\Program Files\Intel\iCLS Client;C:\Windows\system32;C:\Windows;C:\Windows\System32\Wbem;C:\Windows\System32\WindowsPowerShell\v1.0;C:\Program Files (x86)\Intel\Intel(R) Management Engine Components\DAL;C:\Program Files\Intel\Intel(R) Management Engine Components\DAL;C:\Program Files (x86)\Intel\Intel(R) Management Engine Components\IPT;C:\Program Files\Intel\Intel(R) Management Engine Components\IPT;C:\Program Files (x86)\NVIDIA Corporation\PhysX\Common;C:\WINDOWS\system32;C:\WINDOWS;C:\WINDOWS\System32\Wbem;C:\cygwin64;C:\WINDOWS\System32\WindowsPowerShell\v1.0;C:\Users\KAREEM\Desktop\MobileFirst Setup\apache-maven-3.5.2\bin;C:\Users\KAREEM\Desktop\MobileFirst Setup\mysql-5.7.20-winx64\bin;C:\Users\KAREEM\AppData\Local\Android\sdk\platform-tools;C:\Users\KAREEM\AppData\Local\Android\sdk\tools;C:\WINDOWS\System32\OpenSSH;python27\Scripts;C:\Program Files (x86)\Microsoft SQL Server\100\Tools\Binn;C:\Program Files\Microsoft SQL Server\100\Tools\Binn;C:\Program Files\Microsoft SQL Server\100\DTS\Binn;C:\MinGW\bin;C:\Program Files\MATLAB\R2017a\runtime\win64;C:\Program Files\MATLAB\R2017a\bin;C:\Program Files\Git\cmd;C:\Program Files\nodejs;C:\Python27;C:\Ruby25-x64\bin;C:\Users\KAREEM\.windows-build-tools\python27;C:\Users\KAREEM\AppData\Roaming\npm\node_modules\npm\bin\node-gyp-bin;C:\Users\KAREEM\AppData\Roaming\npm\node_modules\windows-build-tools\node_modules\.bin;C:\Users\KAREEM\AppData\Roaming\npm\node_modules\.bin;C:\ProgramData\Oracle\Java\javapath;C:\Program Files (x86)\Common Files\Oracle\Java\javapath;C:\Python34;C:\Python34\Scripts;C:\Program Files\Java\jdk1.8.0_66\bin;C:\Program Files (x86)\Intel\iCLS Client;C:\Program Files\Intel\iCLS Client;C:\Windows\system32;C:\Windows;C:\Windows\System32\Wbem;C:\Windows\System32\WindowsPowerShell\v1.0;C:\Program Files (x86)\Intel\Intel(R) Management Engine Components\DAL;C:\Program Files\Intel\Intel(R) Management Engine Components\DAL;C:\Program Files (x86)\Intel\Intel(R) Management Engine Components\IPT;C:\Program Files\Intel\Intel(R) Management Engine Components\IPT;C:\Program Files (x86)\NVIDIA Corporation\PhysX\Common;C:\WINDOWS\system32;C:\WINDOWS;C:\WINDOWS\System32\Wbem;C:\cygwin64;C:\WINDOWS\System32\WindowsPowerShell\v1.0;C:\Users\KAREEM\Desktop\MobileFirst Setup\apache-maven-3.5.2\bin;C:\Users\KAREEM\Desktop\MobileFirst Setup\mysql-5.7.20-winx64\bin;C:\Users\KAREEM\AppData\Local\Android\sdk\platform-tools;C:\Users\KAREEM\AppData\Local\Android\sdk\tools;C:\WINDOWS\System32\OpenSSH;python27\Scripts;C:\Program Files (x86)\Microsoft SQL Server\100\Tools\Binn;C:\Program Files\Microsoft SQL Server\100\Tools\Binn;C:\Program Files\Microsoft SQL Server\100\DTS\Binn;C:\MinGW\bin;C:\Program Files\MATLAB\R2017a\runtime\win64;C:\Program Files\MATLAB\R2017a\bin;C:\Program Files\Git\cmd;C:\Program Files\nodejs;C:\Users\KAREEM\.windows-build-tools\python27;C:\Users\KAREEM\AppData\Roaming\npm\node_modules\npm\bin\node-gyp-bin;C:\Users\KAREEM\AppData\Roaming\npm\node_modules\windows-build-tools\node_modules\.bin;C:\Users\KAREEM\AppData\Roaming\npm\node_modules\.bin;C:\Users\KAREEM\.windows-build-tools\python27;C:\Users\KAREEM\AppData\Roaming\npm\node_modules\npm\bin\node-gyp-bin;C:\WINDOWS\system32\node_modules\windows-build-tools\node_modules\.bin;C:\WINDOWS\system32\node_modules\.bin;C:\Users\KAREEM\.windows-build-tools\python27;C:\Users\KAREEM\AppData\Roaming\npm\node_modules\npm\bin\node-gyp-bin;C:\Users\KAREEM\AppData\Roaming\npm\node_modules\windows-build-tools\node_modules\.bin;C:\Users\KAREEM\AppData\Roaming\npm\node_modules\.bin;C:\Users\KAREEM\AppData\Local\Microsoft\WindowsApps;C:\Users\KAREEM\AppData\Roaming\Dashlane\4.6.8.25848\bin\Firefox_Extension\{442718d9-475e-452a-b3e1-fb1ee16b8e9f}\components;C:\Users\KAREEM\AppData\Local\Programs\Microsoft VS Code\bin;C:\Users\KAREEM\AppData\Roaming\npm
10 verbose lifecycle portfolio@1.0.0~deploy: CWD: C:\Users\KAREEM\Desktop\portfolio
11 silly lifecycle portfolio@1.0.0~deploy: Args: [ '/d /s /c', 'gh-pages -d dist' ]
12 silly lifecycle portfolio@1.0.0~deploy: Returned: code: 1  signal: null
13 info lifecycle portfolio@1.0.0~deploy: Failed to exec deploy script
14 verbose stack Error: portfolio@1.0.0 deploy: `gh-pages -d dist`
14 verbose stack Exit status 1
14 verbose stack     at EventEmitter.<anonymous> (C:\Users\KAREEM\AppData\Roaming\npm\node_modules\npm\lib\utils\lifecycle.js:255:16)
14 verbose stack     at EventEmitter.emit (events.js:182:13)
14 verbose stack     at ChildProcess.<anonymous> (C:\Users\KAREEM\AppData\Roaming\npm\node_modules\npm\lib\utils\spawn.js:40:14)
14 verbose stack     at ChildProcess.emit (events.js:182:13)
14 verbose stack     at maybeClose (internal/child_process.js:962:16)
14 verbose stack     at Process.ChildProcess._handle.onexit (internal/child_process.js:251:5)
15 verbose pkgid portfolio@1.0.0
16 verbose cwd C:\Users\KAREEM\Desktop\portfolio
17 error Windows_NT 10.0.17134
18 error argv "C:\\Program Files\\nodejs\\node.exe" "C:\\Users\\KAREEM\\AppData\\Roaming\\npm\\node_modules\\npm\\bin\\npm-cli.js" "run" "deploy"
19 error node v10.13.0
20 error npm  v3.10.10
21 error code ELIFECYCLE
22 error portfolio@1.0.0 deploy: `gh-pages -d dist`
22 error Exit status 1
23 error Failed at the portfolio@1.0.0 deploy script 'gh-pages -d dist'.
23 error Make sure you have the latest version of node.js and npm installed.
23 error If you do, this is most likely a problem with the portfolio package,
23 error not with npm itself.
23 error Tell the author that this fails on your system:
23 error     gh-pages -d dist
23 error You can get information on how to open an issue for this project with:
23 error     npm bugs portfolio
23 error Or if that isn't available, you can get their info via:
23 error     npm owner ls portfolio
23 error There is likely additional logging output above.
24 verbose exit [ 1, true ]
